android/app/build/intermediates/manifest_merge_blame_file/debug/manifest-merger-blame-debug-report.txt
1<?xml version="1.0" encoding="utf-8"?>
2<manifest xmlns:android="http://schemas.android.com/apk/res/android"
3    package="com.ecommerce"
4    android:versionCode="1"
5    android:versionName="1.0" >
6
7    <uses-sdk
8        android:minSdkVersion="21"
9        android:targetSdkVersion="31" />
10
11    <uses-permission android:name="android.permission.SYSTEM_ALERT_WINDOW" />
11-->src\debug\AndroidManifest.xml:5:5-77
11-->src\debug\AndroidManifest.xml:5:22-75
12    <uses-permission android:name="android.permission.INTERNET" />
12-->src\main\AndroidManifest.xml:4:5-67
12-->src\main\AndroidManifest.xml:4:22-64
13    <uses-permission android:name="android.permission.CAMERA" />
13-->src\main\AndroidManifest.xml:5:5-65
13-->src\main\AndroidManifest.xml:5:22-62
14    <uses-permission android:name="android.permission.RECORD_AUDIO" />
14-->src\main\AndroidManifest.xml:6:5-71
14-->src\main\AndroidManifest.xml:6:22-68
15    <uses-permission android:name="android.permission.ACCESS_WIFI_STATE" />
15-->[com.facebook.flipper:flipper:0.125.0] AndroidManifest.xml:16:5-76
15-->[com.facebook.flipper:flipper:0.125.0] AndroidManifest.xml:16:22-73
16    <uses-permission android:name="android.permission.WAKE_LOCK" />
16-->[androidx.work:work-runtime:2.7.1] AndroidManifest.xml:25:5-68
16-->[androidx.work:work-runtime:2.7.1] AndroidManifest.xml:25:22-65
17    <uses-permission android:name="android.permission.ACCESS_NETWORK_STATE" />
17-->[androidx.work:work-runtime:2.7.1] AndroidManifest.xml:26:5-79
17-->[androidx.work:work-runtime:2.7.1] AndroidManifest.xml:26:22-76
18    <uses-permission android:name="android.permission.RECEIVE_BOOT_COMPLETED" />
18-->[androidx.work:work-runtime:2.7.1] AndroidManifest.xml:27:5-81
18-->[androidx.work:work-runtime:2.7.1] AndroidManifest.xml:27:22-78
19    <uses-permission android:name="android.permission.FOREGROUND_SERVICE" />
19-->[androidx.work:work-runtime:2.7.1] AndroidManifest.xml:28:5-77
19-->[androidx.work:work-runtime:2.7.1] AndroidManifest.xml:28:22-74
20
21    <queries>
21-->[androidx.camera:camera-extensions:1.1.0-beta02] AndroidManifest.xml:24:5-28:15
22        <intent>
22-->[androidx.camera:camera-extensions:1.1.0-beta02] AndroidManifest.xml:25:9-27:18
23            <action android:name="androidx.camera.extensions.action.VENDOR_ACTION" />
23-->[androidx.camera:camera-extensions:1.1.0-beta02] AndroidManifest.xml:26:13-86
23-->[androidx.camera:camera-extensions:1.1.0-beta02] AndroidManifest.xml:26:21-83
24        </intent>
25    </queries>
26
27    <uses-permission android:name="android.permission.VIBRATE" />
27-->[app.notifee:core:202108261754] AndroidManifest.xml:12:5-66
27-->[app.notifee:core:202108261754] AndroidManifest.xml:12:22-63
28    <uses-permission android:name="android.permission.USE_FULL_SCREEN_INTENT" />
28-->[app.notifee:core:202108261754] AndroidManifest.xml:15:5-81
28-->[app.notifee:core:202108261754] AndroidManifest.xml:15:22-78
29    <uses-permission android:name="android.permission.SCHEDULE_EXACT_ALARM" />
29-->[app.notifee:core:202108261754] AndroidManifest.xml:16:5-79
29-->[app.notifee:core:202108261754] AndroidManifest.xml:16:22-76
30    <uses-permission
30-->[app.notifee:core:202108261754] AndroidManifest.xml:17:5-19:38
31        android:name="android.permission.BROADCAST_CLOSE_SYSTEM_DIALOGS"
31-->[app.notifee:core:202108261754] AndroidManifest.xml:18:9-73
32        android:maxSdkVersion="30" /> <!-- For Xiaomi devices to enable heads-up notifications as default (https://github.com/invertase/notifee/issues/296) -->
32-->[app.notifee:core:202108261754] AndroidManifest.xml:19:9-35
33    <uses-permission
33-->[app.notifee:core:202108261754] AndroidManifest.xml:21:5-23:38
34        android:name="android.permission.ACCESS_NOTIFICATION_POLICY"
34-->[app.notifee:core:202108261754] AndroidManifest.xml:22:9-69
35        android:minSdkVersion="23" />
35-->[app.notifee:core:202108261754] AndroidManifest.xml:23:9-35
36
37    <application
37-->src\main\AndroidManifest.xml:8:5-27:19
38        android:name="com.ecommerce.MainApplication"
38-->src\main\AndroidManifest.xml:9:7-38
39        android:allowBackup="false"
39-->src\main\AndroidManifest.xml:13:7-34
40        android:appComponentFactory="androidx.core.app.CoreComponentFactory"
40-->[androidx.core:core:1.7.0] AndroidManifest.xml:24:18-86
41        android:debuggable="true"
42        android:icon="@mipmap/ic_launcher"
42-->src\main\AndroidManifest.xml:11:7-41
43        android:label="@string/app_name"
43-->src\main\AndroidManifest.xml:10:7-39
44        android:roundIcon="@mipmap/ic_launcher_round"
44-->src\main\AndroidManifest.xml:12:7-52
45        android:theme="@style/AppTheme"
45-->src\main\AndroidManifest.xml:14:7-38
46        android:usesCleartextTraffic="true" >
46-->src\debug\AndroidManifest.xml:8:9-44
47        <activity
47-->src\debug\AndroidManifest.xml:11:9-111
48            android:name="com.facebook.react.devsupport.DevSettingsActivity"
48-->src\debug\AndroidManifest.xml:11:19-83
49            android:exported="false" />
49-->src\debug\AndroidManifest.xml:11:84-108
50        <activity
50-->src\main\AndroidManifest.xml:15:7-26:18
51            android:name="com.ecommerce.MainActivity"
51-->src\main\AndroidManifest.xml:16:9-37
52            android:configChanges="keyboard|keyboardHidden|orientation|screenLayout|screenSize|smallestScreenSize|uiMode"
52-->src\main\AndroidManifest.xml:18:9-118
53            android:exported="true"
53-->src\main\AndroidManifest.xml:21:9-32
54            android:label="@string/app_name"
54-->src\main\AndroidManifest.xml:17:9-41
55            android:launchMode="singleTask"
55-->src\main\AndroidManifest.xml:19:9-40
56            android:windowSoftInputMode="adjustResize" >
56-->src\main\AndroidManifest.xml:20:9-51
57            <intent-filter>
57-->src\main\AndroidManifest.xml:22:9-25:25
58                <action android:name="android.intent.action.MAIN" />
58-->src\main\AndroidManifest.xml:23:13-65
58-->src\main\AndroidManifest.xml:23:21-62
59
60                <category android:name="android.intent.category.LAUNCHER" />
60-->src\main\AndroidManifest.xml:24:13-73
60-->src\main\AndroidManifest.xml:24:23-70
61            </intent-filter>
62        </activity>
63
64        <provider
64-->[:notifee_react-native] AndroidManifest.xml:10:9-14:40
65            android:name="io.invertase.notifee.NotifeeInitProvider"
65-->[:notifee_react-native] AndroidManifest.xml:11:13-68
66            android:authorities="com.ecommerce.notifee-init-provider"
66-->[:notifee_react-native] AndroidManifest.xml:12:13-73
67            android:exported="false"
67-->[:notifee_react-native] AndroidManifest.xml:13:13-37
68            android:initOrder="-100" />
68-->[:notifee_react-native] AndroidManifest.xml:14:13-37
69        <provider
69-->[androidx.work:work-runtime:2.7.1] AndroidManifest.xml:31:9-39:20
70            android:name="androidx.startup.InitializationProvider"
70-->[androidx.work:work-runtime:2.7.1] AndroidManifest.xml:32:13-67
71            android:authorities="com.ecommerce.androidx-startup"
71-->[androidx.work:work-runtime:2.7.1] AndroidManifest.xml:33:13-68
72            android:exported="false" >
72-->[androidx.work:work-runtime:2.7.1] AndroidManifest.xml:34:13-37
73            <meta-data
73-->[androidx.work:work-runtime:2.7.1] AndroidManifest.xml:36:13-38:52
74                android:name="androidx.work.WorkManagerInitializer"
74-->[androidx.work:work-runtime:2.7.1] AndroidManifest.xml:37:17-68
75                android:value="androidx.startup" />
75-->[androidx.work:work-runtime:2.7.1] AndroidManifest.xml:38:17-49
76            <meta-data
76-->[androidx.emoji2:emoji2:1.0.0] AndroidManifest.xml:31:13-33:52
77                android:name="androidx.emoji2.text.EmojiCompatInitializer"
77-->[androidx.emoji2:emoji2:1.0.0] AndroidManifest.xml:32:17-75
78                android:value="androidx.startup" />
78-->[androidx.emoji2:emoji2:1.0.0] AndroidManifest.xml:33:17-49
79            <meta-data
79-->[androidx.lifecycle:lifecycle-process:2.4.0] AndroidManifest.xml:31:13-33:52
80                android:name="androidx.lifecycle.ProcessLifecycleInitializer"
80-->[androidx.lifecycle:lifecycle-process:2.4.0] AndroidManifest.xml:32:17-78
81                android:value="androidx.startup" />
81-->[androidx.lifecycle:lifecycle-process:2.4.0] AndroidManifest.xml:33:17-49
82        </provider>
83
84        <service
84-->[androidx.work:work-runtime:2.7.1] AndroidManifest.xml:41:9-46:35
85            android:name="androidx.work.impl.background.systemalarm.SystemAlarmService"
85-->[androidx.work:work-runtime:2.7.1] AndroidManifest.xml:42:13-88
86            android:directBootAware="false"
86-->[androidx.work:work-runtime:2.7.1] AndroidManifest.xml:43:13-44
87            android:enabled="@bool/enable_system_alarm_service_default"
87-->[androidx.work:work-runtime:2.7.1] AndroidManifest.xml:44:13-72
88            android:exported="false" />
88-->[androidx.work:work-runtime:2.7.1] AndroidManifest.xml:45:13-37
89        <service
89-->[androidx.work:work-runtime:2.7.1] AndroidManifest.xml:47:9-53:35
90            android:name="androidx.work.impl.background.systemjob.SystemJobService"
90-->[androidx.work:work-runtime:2.7.1] AndroidManifest.xml:48:13-84
91            android:directBootAware="false"
91-->[androidx.work:work-runtime:2.7.1] AndroidManifest.xml:49:13-44
92            android:enabled="@bool/enable_system_job_service_default"
92-->[androidx.work:work-runtime:2.7.1] AndroidManifest.xml:50:13-70
93            android:exported="true"
93-->[androidx.work:work-runtime:2.7.1] AndroidManifest.xml:51:13-36
94            android:permission="android.permission.BIND_JOB_SERVICE" />
94-->[androidx.work:work-runtime:2.7.1] AndroidManifest.xml:52:13-69
95        <service
95-->[androidx.work:work-runtime:2.7.1] AndroidManifest.xml:54:9-59:35
96            android:name="androidx.work.impl.foreground.SystemForegroundService"
96-->[androidx.work:work-runtime:2.7.1] AndroidManifest.xml:55:13-81
97            android:directBootAware="false"
97-->[androidx.work:work-runtime:2.7.1] AndroidManifest.xml:56:13-44
98            android:enabled="@bool/enable_system_foreground_service_default"
98-->[androidx.work:work-runtime:2.7.1] AndroidManifest.xml:57:13-77
99            android:exported="false" />
99-->[androidx.work:work-runtime:2.7.1] AndroidManifest.xml:58:13-37
100
101        <receiver
101-->[androidx.work:work-runtime:2.7.1] AndroidManifest.xml:61:9-66:35
102            android:name="androidx.work.impl.utils.ForceStopRunnable$BroadcastReceiver"
102-->[androidx.work:work-runtime:2.7.1] AndroidManifest.xml:62:13-88
103            android:directBootAware="false"
103-->[androidx.work:work-runtime:2.7.1] AndroidManifest.xml:63:13-44
104            android:enabled="true"
104-->[androidx.work:work-runtime:2.7.1] AndroidManifest.xml:64:13-35
105            android:exported="false" />
105-->[androidx.work:work-runtime:2.7.1] AndroidManifest.xml:65:13-37
106        <receiver
106-->[androidx.work:work-runtime:2.7.1] AndroidManifest.xml:67:9-77:20
107            android:name="androidx.work.impl.background.systemalarm.ConstraintProxy$BatteryChargingProxy"
107-->[androidx.work:work-runtime:2.7.1] AndroidManifest.xml:68:13-106
108            android:directBootAware="false"
108-->[androidx.work:work-runtime:2.7.1] AndroidManifest.xml:69:13-44
109            android:enabled="false"
109-->[androidx.work:work-runtime:2.7.1] AndroidManifest.xml:70:13-36
110            android:exported="false" >
110-->[androidx.work:work-runtime:2.7.1] AndroidManifest.xml:71:13-37
111            <intent-filter>
111-->[androidx.work:work-runtime:2.7.1] AndroidManifest.xml:73:13-76:29
112                <action android:name="android.intent.action.ACTION_POWER_CONNECTED" />
112-->[androidx.work:work-runtime:2.7.1] AndroidManifest.xml:74:17-87
112-->[androidx.work:work-runtime:2.7.1] AndroidManifest.xml:74:25-84
113                <action android:name="android.intent.action.ACTION_POWER_DISCONNECTED" />
113-->[androidx.work:work-runtime:2.7.1] AndroidManifest.xml:75:17-90
113-->[androidx.work:work-runtime:2.7.1] AndroidManifest.xml:75:25-87
114            </intent-filter>
115        </receiver>
116        <receiver
116-->[androidx.work:work-runtime:2.7.1] AndroidManifest.xml:78:9-88:20
117            android:name="androidx.work.impl.background.systemalarm.ConstraintProxy$BatteryNotLowProxy"
117-->[androidx.work:work-runtime:2.7.1] AndroidManifest.xml:79:13-104
118            android:directBootAware="false"
118-->[androidx.work:work-runtime:2.7.1] AndroidManifest.xml:80:13-44
119            android:enabled="false"
119-->[androidx.work:work-runtime:2.7.1] AndroidManifest.xml:81:13-36
120            android:exported="false" >
120-->[androidx.work:work-runtime:2.7.1] AndroidManifest.xml:82:13-37
121            <intent-filter>
121-->[androidx.work:work-runtime:2.7.1] AndroidManifest.xml:84:13-87:29
122                <action android:name="android.intent.action.BATTERY_OKAY" />
122-->[androidx.work:work-runtime:2.7.1] AndroidManifest.xml:85:17-77
122-->[androidx.work:work-runtime:2.7.1] AndroidManifest.xml:85:25-74
123                <action android:name="android.intent.action.BATTERY_LOW" />
123-->[androidx.work:work-runtime:2.7.1] AndroidManifest.xml:86:17-76
123-->[androidx.work:work-runtime:2.7.1] AndroidManifest.xml:86:25-73
124            </intent-filter>
125        </receiver>
126        <receiver
126-->[androidx.work:work-runtime:2.7.1] AndroidManifest.xml:89:9-99:20
127            android:name="androidx.work.impl.background.systemalarm.ConstraintProxy$StorageNotLowProxy"
127-->[androidx.work:work-runtime:2.7.1] AndroidManifest.xml:90:13-104
128            android:directBootAware="false"
128-->[androidx.work:work-runtime:2.7.1] AndroidManifest.xml:91:13-44
129            android:enabled="false"
129-->[androidx.work:work-runtime:2.7.1] AndroidManifest.xml:92:13-36
130            android:exported="false" >
130-->[androidx.work:work-runtime:2.7.1] AndroidManifest.xml:93:13-37
131            <intent-filter>
131-->[androidx.work:work-runtime:2.7.1] AndroidManifest.xml:95:13-98:29
132                <action android:name="android.intent.action.DEVICE_STORAGE_LOW" />
132-->[androidx.work:work-runtime:2.7.1] AndroidManifest.xml:96:17-83
132-->[androidx.work:work-runtime:2.7.1] AndroidManifest.xml:96:25-80
133                <action android:name="android.intent.action.DEVICE_STORAGE_OK" />
133-->[androidx.work:work-runtime:2.7.1] AndroidManifest.xml:97:17-82
133-->[androidx.work:work-runtime:2.7.1] AndroidManifest.xml:97:25-79
134            </intent-filter>
135        </receiver>
136        <receiver
136-->[androidx.work:work-runtime:2.7.1] AndroidManifest.xml:100:9-109:20
137            android:name="androidx.work.impl.background.systemalarm.ConstraintProxy$NetworkStateProxy"
137-->[androidx.work:work-runtime:2.7.1] AndroidManifest.xml:101:13-103
138            android:directBootAware="false"
138-->[androidx.work:work-runtime:2.7.1] AndroidManifest.xml:102:13-44
139            android:enabled="false"
139-->[androidx.work:work-runtime:2.7.1] AndroidManifest.xml:103:13-36
140            android:exported="false" >
140-->[androidx.work:work-runtime:2.7.1] AndroidManifest.xml:104:13-37
141            <intent-filter>
141-->[androidx.work:work-runtime:2.7.1] AndroidManifest.xml:106:13-108:29
142                <action android:name="android.net.conn.CONNECTIVITY_CHANGE" />
142-->[androidx.work:work-runtime:2.7.1] AndroidManifest.xml:107:17-79
142-->[androidx.work:work-runtime:2.7.1] AndroidManifest.xml:107:25-76
143            </intent-filter>
144        </receiver>
145        <receiver
145-->[androidx.work:work-runtime:2.7.1] AndroidManifest.xml:110:9-121:20
146            android:name="androidx.work.impl.background.systemalarm.RescheduleReceiver"
146-->[androidx.work:work-runtime:2.7.1] AndroidManifest.xml:111:13-88
147            android:directBootAware="false"
147-->[androidx.work:work-runtime:2.7.1] AndroidManifest.xml:112:13-44
148            android:enabled="false"
148-->[androidx.work:work-runtime:2.7.1] AndroidManifest.xml:113:13-36
149            android:exported="false" >
149-->[androidx.work:work-runtime:2.7.1] AndroidManifest.xml:114:13-37
150            <intent-filter>
150-->[androidx.work:work-runtime:2.7.1] AndroidManifest.xml:116:13-120:29
151                <action android:name="android.intent.action.BOOT_COMPLETED" />
151-->[androidx.work:work-runtime:2.7.1] AndroidManifest.xml:117:17-79
151-->[androidx.work:work-runtime:2.7.1] AndroidManifest.xml:117:25-76
152                <action android:name="android.intent.action.TIME_SET" />
152-->[androidx.work:work-runtime:2.7.1] AndroidManifest.xml:118:17-73
152-->[androidx.work:work-runtime:2.7.1] AndroidManifest.xml:118:25-70
153                <action android:name="android.intent.action.TIMEZONE_CHANGED" />
153-->[androidx.work:work-runtime:2.7.1] AndroidManifest.xml:119:17-81
153-->[androidx.work:work-runtime:2.7.1] AndroidManifest.xml:119:25-78
154            </intent-filter>
155        </receiver>
156        <receiver
156-->[androidx.work:work-runtime:2.7.1] AndroidManifest.xml:122:9-131:20
157            android:name="androidx.work.impl.background.systemalarm.ConstraintProxyUpdateReceiver"
157-->[androidx.work:work-runtime:2.7.1] AndroidManifest.xml:123:13-99
158            android:directBootAware="false"
158-->[androidx.work:work-runtime:2.7.1] AndroidManifest.xml:124:13-44
159            android:enabled="@bool/enable_system_alarm_service_default"
159-->[androidx.work:work-runtime:2.7.1] AndroidManifest.xml:125:13-72
160            android:exported="false" >
160-->[androidx.work:work-runtime:2.7.1] AndroidManifest.xml:126:13-37
161            <intent-filter>
161-->[androidx.work:work-runtime:2.7.1] AndroidManifest.xml:128:13-130:29
162                <action android:name="androidx.work.impl.background.systemalarm.UpdateProxies" />
162-->[androidx.work:work-runtime:2.7.1] AndroidManifest.xml:129:17-98
162-->[androidx.work:work-runtime:2.7.1] AndroidManifest.xml:129:25-95
163            </intent-filter>
164        </receiver>
165        <receiver
165-->[androidx.work:work-runtime:2.7.1] AndroidManifest.xml:132:9-142:20
166            android:name="androidx.work.impl.diagnostics.DiagnosticsReceiver"
166-->[androidx.work:work-runtime:2.7.1] AndroidManifest.xml:133:13-78
167            android:directBootAware="false"
167-->[androidx.work:work-runtime:2.7.1] AndroidManifest.xml:134:13-44
168            android:enabled="true"
168-->[androidx.work:work-runtime:2.7.1] AndroidManifest.xml:135:13-35
169            android:exported="true"
169-->[androidx.work:work-runtime:2.7.1] AndroidManifest.xml:136:13-36
170            android:permission="android.permission.DUMP" >
170-->[androidx.work:work-runtime:2.7.1] AndroidManifest.xml:137:13-57
171            <intent-filter>
171-->[androidx.work:work-runtime:2.7.1] AndroidManifest.xml:139:13-141:29
172                <action android:name="androidx.work.diagnostics.REQUEST_DIAGNOSTICS" />
172-->[androidx.work:work-runtime:2.7.1] AndroidManifest.xml:140:17-88
172-->[androidx.work:work-runtime:2.7.1] AndroidManifest.xml:140:25-85
173            </intent-filter>
174        </receiver>
175
176        <service
176-->[androidx.room:room-runtime:2.2.5] AndroidManifest.xml:25:9-28:40
177            android:name="androidx.room.MultiInstanceInvalidationService"
177-->[androidx.room:room-runtime:2.2.5] AndroidManifest.xml:26:13-74
178            android:directBootAware="true"
178-->[androidx.room:room-runtime:2.2.5] AndroidManifest.xml:27:13-43
179            android:exported="false" />
179-->[androidx.room:room-runtime:2.2.5] AndroidManifest.xml:28:13-37
180
181        <uses-library
181-->[androidx.camera:camera-extensions:1.1.0-beta02] AndroidManifest.xml:31:9-33:40
182            android:name="androidx.camera.extensions.impl"
182-->[androidx.camera:camera-extensions:1.1.0-beta02] AndroidManifest.xml:32:13-59
183            android:required="false" />
183-->[androidx.camera:camera-extensions:1.1.0-beta02] AndroidManifest.xml:33:13-37
184
185        <service
185-->[androidx.camera:camera-camera2:1.1.0-beta02] AndroidManifest.xml:26:9-35:19
186            android:name="androidx.camera.core.impl.MetadataHolderService"
186-->[androidx.camera:camera-camera2:1.1.0-beta02] AndroidManifest.xml:27:13-75
187            android:enabled="false"
187-->[androidx.camera:camera-camera2:1.1.0-beta02] AndroidManifest.xml:28:13-36
188            android:exported="false" >
188-->[androidx.camera:camera-camera2:1.1.0-beta02] AndroidManifest.xml:29:13-37
189            <meta-data
189-->[androidx.camera:camera-camera2:1.1.0-beta02] AndroidManifest.xml:32:13-34:89
190                android:name="androidx.camera.core.impl.MetadataHolderService.DEFAULT_CONFIG_PROVIDER"
190-->[androidx.camera:camera-camera2:1.1.0-beta02] AndroidManifest.xml:33:17-103
191                android:value="androidx.camera.camera2.Camera2Config$DefaultProvider" />
191-->[androidx.camera:camera-camera2:1.1.0-beta02] AndroidManifest.xml:34:17-86
192        </service>
193
194        <meta-data
194-->[com.google.android.gms:play-services-basement:18.0.0] AndroidManifest.xml:21:9-23:69
195            android:name="com.google.android.gms.version"
195-->[com.google.android.gms:play-services-basement:18.0.0] AndroidManifest.xml:22:13-58
196            android:value="@integer/google_play_services_version" /> <!-- Receiver Service -->
196-->[com.google.android.gms:play-services-basement:18.0.0] AndroidManifest.xml:23:13-66
197        <service
197-->[app.notifee:core:202108261754] AndroidManifest.xml:28:9-30:40
198            android:name="app.notifee.core.ReceiverService"
198-->[app.notifee:core:202108261754] AndroidManifest.xml:29:13-60
199            android:exported="false" />
199-->[app.notifee:core:202108261754] AndroidManifest.xml:30:13-37
200
201        <activity
201-->[app.notifee:core:202108261754] AndroidManifest.xml:32:9-38:75
202            android:name="app.notifee.core.NotificationReceiverActivity"
202-->[app.notifee:core:202108261754] AndroidManifest.xml:33:13-73
203            android:excludeFromRecents="true"
203-->[app.notifee:core:202108261754] AndroidManifest.xml:34:13-46
204            android:exported="true"
204-->[app.notifee:core:202108261754] AndroidManifest.xml:35:13-36
205            android:noHistory="true"
205-->[app.notifee:core:202108261754] AndroidManifest.xml:36:13-37
206            android:taskAffinity=""
206-->[app.notifee:core:202108261754] AndroidManifest.xml:37:13-36
207            android:theme="@android:style/Theme.Translucent.NoTitleBar" /> <!-- Foreground Service -->
207-->[app.notifee:core:202108261754] AndroidManifest.xml:38:13-72
208        <service
208-->[app.notifee:core:202108261754] AndroidManifest.xml:41:9-43:40
209            android:name="app.notifee.core.ForegroundService"
209-->[app.notifee:core:202108261754] AndroidManifest.xml:42:13-62
210            android:exported="false" />
210-->[app.notifee:core:202108261754] AndroidManifest.xml:43:13-37
211
212        <receiver
212-->[app.notifee:core:202108261754] AndroidManifest.xml:45:9-53:20
213            android:name="app.notifee.core.RebootBroadcastReceiver"
213-->[app.notifee:core:202108261754] AndroidManifest.xml:46:13-68
214            android:exported="false" >
214-->[app.notifee:core:202108261754] AndroidManifest.xml:47:13-37
215            <intent-filter>
215-->[app.notifee:core:202108261754] AndroidManifest.xml:48:13-52:29
216                <action android:name="android.intent.action.BOOT_COMPLETED" />
216-->[androidx.work:work-runtime:2.7.1] AndroidManifest.xml:117:17-79
216-->[androidx.work:work-runtime:2.7.1] AndroidManifest.xml:117:25-76
217                <action android:name="android.intent.action.QUICKBOOT_POWERON" />
217-->[app.notifee:core:202108261754] AndroidManifest.xml:50:17-82
217-->[app.notifee:core:202108261754] AndroidManifest.xml:50:25-79
218                <action android:name="com.htc.intent.action.QUICKBOOT_POWERON" />
218-->[app.notifee:core:202108261754] AndroidManifest.xml:51:17-82
218-->[app.notifee:core:202108261754] AndroidManifest.xml:51:25-79
219            </intent-filter>
220        </receiver>
221        <receiver
221-->[app.notifee:core:202108261754] AndroidManifest.xml:54:9-60:20
222            android:name="app.notifee.core.AlarmPermissionBroadcastReceiver"
222-->[app.notifee:core:202108261754] AndroidManifest.xml:55:13-77
223            android:exported="true" >
223-->[app.notifee:core:202108261754] AndroidManifest.xml:56:13-36
224            <intent-filter>
224-->[app.notifee:core:202108261754] AndroidManifest.xml:57:13-59:29
225                <action android:name="android.app.action.SCHEDULE_EXACT_ALARM_PERMISSION_STATE_CHANGED" />
225-->[app.notifee:core:202108261754] AndroidManifest.xml:58:17-107
225-->[app.notifee:core:202108261754] AndroidManifest.xml:58:25-104
226            </intent-filter>
227        </receiver>
228        <receiver
228-->[app.notifee:core:202108261754] AndroidManifest.xml:61:9-69:20
229            android:name="app.notifee.core.NotificationAlarmReceiver"
229-->[app.notifee:core:202108261754] AndroidManifest.xml:62:13-70
230            android:exported="false" >
230-->[app.notifee:core:202108261754] AndroidManifest.xml:63:13-37
231            <intent-filter>
231-->[app.notifee:core:202108261754] AndroidManifest.xml:48:13-52:29
232                <action android:name="android.intent.action.BOOT_COMPLETED" />
232-->[androidx.work:work-runtime:2.7.1] AndroidManifest.xml:117:17-79
232-->[androidx.work:work-runtime:2.7.1] AndroidManifest.xml:117:25-76
233                <action android:name="android.intent.action.QUICKBOOT_POWERON" />
233-->[app.notifee:core:202108261754] AndroidManifest.xml:50:17-82
233-->[app.notifee:core:202108261754] AndroidManifest.xml:50:25-79
234                <action android:name="com.htc.intent.action.QUICKBOOT_POWERON" />
234-->[app.notifee:core:202108261754] AndroidManifest.xml:51:17-82
234-->[app.notifee:core:202108261754] AndroidManifest.xml:51:25-79
235            </intent-filter>
236        </receiver> <!-- Broadcast Receiver -->
237        <receiver
237-->[app.notifee:core:202108261754] AndroidManifest.xml:72:9-80:20
238            android:name="app.notifee.core.BlockStateBroadcastReceiver"
238-->[app.notifee:core:202108261754] AndroidManifest.xml:73:13-72
239            android:exported="false" >
239-->[app.notifee:core:202108261754] AndroidManifest.xml:74:13-37
240            <intent-filter>
240-->[app.notifee:core:202108261754] AndroidManifest.xml:75:13-79:29
241                <action android:name="android.app.action.APP_BLOCK_STATE_CHANGED" />
241-->[app.notifee:core:202108261754] AndroidManifest.xml:76:17-85
241-->[app.notifee:core:202108261754] AndroidManifest.xml:76:25-82
242                <action android:name="android.app.action.NOTIFICATION_CHANNEL_BLOCK_STATE_CHANGED" />
242-->[app.notifee:core:202108261754] AndroidManifest.xml:77:17-102
242-->[app.notifee:core:202108261754] AndroidManifest.xml:77:25-99
243                <action android:name="android.app.action.NOTIFICATION_CHANNEL_GROUP_BLOCK_STATE_CHANGED" />
243-->[app.notifee:core:202108261754] AndroidManifest.xml:78:17-108
243-->[app.notifee:core:202108261754] AndroidManifest.xml:78:25-105
244            </intent-filter>
245        </receiver>
246    </application>
247
248</manifest>